#
# A fatal error has been detected by the Java Runtime Environment:
#
#  EXCEPTION_ACCESS_VIOLATION (0xc0000005) at pc=0x0000000077120901, pid=1240, tid=2432
#
# JRE version: Java(TM) SE Runtime Environment (8.0_60-b27) (build 1.8.0_60-b27)
# Java VM: Java HotSpot(TM) 64-Bit Server VM (25.60-b23 mixed mode windows-amd64 compressed oops)
# Problematic frame:
# C  [ntdll.dll+0x50901]
#
# Failed to write core dump. Minidumps are not enabled by default on client versions of Windows
#
# If you would like to submit a bug report, please visit:
#   http://bugreport.java.com/bugreport/crash.jsp
# The crash happened outside the Java Virtual Machine in native code.
# See problematic frame for where to report the bug.
#

---------------  T H R E A D  ---------------

Current thread (0x0000000057409000):  JavaThread "Finalizer" daemon [_thread_in_native, id=2432, stack(0x00000000584e0000,0x00000000585e0000)]

siginfo: ExceptionCode=0xc0000005, reading address 0x00000975208e8c68

Registers:
RAX=0x0000009e4366f908, RBX=0x00000975208e8c60, RCX=0x000000ffffffffff, RDX=0x0000000000000000
RSP=0x00000000585df0f0, RBP=0x000000010d0a7030, RSI=0x0000000000000000, RDI=0x0000000000000000
R8 =0x000000010d0a7020, R9 =0x0000000016a75f40, R10=0x000007fef2d1b6e0, R11=0x0000000002886480
R12=0x000000005a390000, R13=0x00000000585df370, R14=0x00000000585df250, R15=0x0000000057409000
RIP=0x0000000077120901, EFLAGS=0x0000000000010206

Top of Stack: (sp=0x00000000585df0f0)
0x00000000585df0f0:   0000000057409000 00000000585df250
0x00000000585df100:   0000000000000000 000000005a39e1c8
0x00000000585df110:   0000000000000001 000000005a39e180
0x00000000585df120:   000000005a39e1a0 0000000076ed1a7a
0x00000000585df130:   0000000057409000 00000000585df250
0x00000000585df140:   0000000000000000 000000005724ea08
0x00000000585df150:   000000010d0a7030 00000000585df260
0x00000000585df160:   000000010d0a7030 0000000076ed1a7a
0x00000000585df170:   0000000000000000 00000000585df370
0x00000000585df180:   000000005a39e1a0 000007fef30fe8ce
0x00000000585df190:   000000010d067010 000007fef31e3758
0x00000000585df1a0:   0000000000000000 0000000000000000
0x00000000585df1b0:   fffffffffffffffe 000000006e6f52dd
0x00000000585df1c0:   000000010d0a7030 000007fef2d1b741
0x00000000585df1d0:   000000005a39e1a0 00000000572059e8
0x00000000585df1e0:   00000000585df260 000000005a39e180 

Instructions: (pc=0x0000000077120901)
0x00000000771208e1:   ff ff 00 00 00 49 33 dc 48 23 c1 48 c1 eb 04 48
0x00000000771208f1:   33 d8 48 33 1d ce ea 0d 00 48 c1 e3 04 0f 0d 0b
0x0000000077120901:   48 8b 7b 08 49 bd 01 00 00 00 01 00 00 00 49 be
0x0000000077120911:   ff 7f 00 00 ff ff ff ff 41 c6 40 0f 80 41 88 70 


Register to memory mapping:

RAX=0x0000009e4366f908 is an unknown value
RBX=0x00000975208e8c60 is an unknown value
RCX=0x000000ffffffffff is an unknown value
RDX=0x0000000000000000 is an unknown value
RSP=0x00000000585df0f0 is pointing into the stack for thread: 0x0000000057409000
RBP=0x000000010d0a7030 is an unknown value
RSI=0x0000000000000000 is an unknown value
RDI=0x0000000000000000 is an unknown value
R8 =0x000000010d0a7020 is an unknown value
R9 =0x0000000016a75f40 is pointing into metadata
R10=0x000007fef2d1b6e0 is an unknown value
R11=0x0000000002886480 is at entry_point+0 in (nmethod*)0x0000000002886310
R12=0x000000005a390000 is an unknown value
R13=0x00000000585df370 is pointing into the stack for thread: 0x0000000057409000
R14=0x00000000585df250 is pointing into the stack for thread: 0x0000000057409000
R15=0x0000000057409000 is a thread


Stack: [0x00000000584e0000,0x00000000585e0000],  sp=0x00000000585df0f0,  free space=1020k
Native frames: (J=compiled Java code, j=interpreted, Vv=VM code, C=native code)
C  [ntdll.dll+0x50901]
C  [kernel32.dll+0x21a7a]
C  [opencv_java249.dll+0x4d3758]
C  [opencv_java249.dll+0xb741]
C  0x0000000002a7e4c3

Java frames: (J=compiled Java code, j=interpreted, Vv=VM code)
J 984  org.opencv.core.Mat.n_delete(J)V (0 bytes) @ 0x0000000002a7e441 [0x0000000002a7e400+0x41]
J 983 C1 org.opencv.core.Mat.finalize()V (12 bytes) @ 0x0000000002a7e804 [0x0000000002a7e780+0x84]
J 817 C1 java.lang.ref.Finalizer.runFinalizer(Lsun/misc/JavaLangAccess;)V (62 bytes) @ 0x0000000002aa62fc [0x0000000002aa5d80+0x57c]
J 816 C1 java.lang.ref.Finalizer.access$100(Ljava/lang/ref/Finalizer;Lsun/misc/JavaLangAccess;)V (6 bytes) @ 0x00000000028864dc [0x0000000002886480+0x5c]
j  java.lang.ref.Finalizer$FinalizerThread.run()V+45
v  ~StubRoutines::call_stub

---------------  P R O C E S S  ---------------

Java Threads: ( => current thread )
  0x0000000059a56000 JavaThread "Thread-279" [_thread_in_Java, id=1028, stack(0x0000000076d90000,0x0000000076e90000)]
  0x0000000059a53800 JavaThread "Thread-272" [_thread_in_native, id=1520, stack(0x000000007a880000,0x000000007a980000)]
  0x0000000059daa800 JavaThread "Thread-269" [_thread_in_native, id=2876, stack(0x000000005bc80000,0x000000005bd80000)]
  0x0000000059b5f800 JavaThread "Java2D Disposer" daemon [_thread_blocked, id=4212, stack(0x0000000059420000,0x0000000059520000)]
  0x0000000058949000 JavaThread "Abandoned connection cleanup thread" daemon [_thread_blocked, id=2928, stack(0x0000000059930000,0x0000000059a30000)]
  0x00000000588e2000 JavaThread "Service Thread" daemon [_thread_blocked, id=4920, stack(0x0000000059520000,0x0000000059620000)]
  0x0000000058861000 JavaThread "C1 CompilerThread2" daemon [_thread_blocked, id=3948, stack(0x0000000059310000,0x0000000059410000)]
  0x0000000058858800 JavaThread "C2 CompilerThread1" daemon [_thread_blocked, id=4964, stack(0x00000000590f0000,0x00000000591f0000)]
  0x000000005884a800 JavaThread "C2 CompilerThread0" daemon [_thread_blocked, id=3660, stack(0x0000000058d90000,0x0000000058e90000)]
  0x0000000057460000 JavaThread "Attach Listener" daemon [_thread_blocked, id=4888, stack(0x0000000058f30000,0x0000000059030000)]
  0x000000005745f000 JavaThread "Signal Dispatcher" daemon [_thread_blocked, id=1836, stack(0x0000000058c60000,0x0000000058d60000)]
=>0x0000000057409000 JavaThread "Finalizer" daemon [_thread_in_native, id=2432, stack(0x00000000584e0000,0x00000000585e0000)]
  0x0000000057402000 JavaThread "Reference Handler" daemon [_thread_blocked, id=2860, stack(0x0000000058740000,0x0000000058840000)]
  0x000000000257f000 JavaThread "main" [_thread_blocked, id=4152, stack(0x0000000002670000,0x0000000002770000)]

Other Threads:
  0x00000000573fc800 VMThread [stack: 0x0000000058620000,0x0000000058720000] [id=2844]
  0x0000000058924000 WatcherThread [stack: 0x0000000059710000,0x0000000059810000] [id=3984]

VM state:not at safepoint (normal execution)

VM Mutex/Monitor currently owned by a thread: None

Heap:
 PSYoungGen      total 468992K, used 14432K [0x00000000d5c00000, 0x0000000100000000, 0x0000000100000000)
  eden space 270336K, 3% used [0x00000000d5c00000,0x00000000d6587ab8,0x00000000e6400000)
  from space 198656K, 2% used [0x00000000e6400000,0x00000000e6890828,0x00000000f2600000)
  to   space 204288K, 0% used [0x00000000f3880000,0x00000000f3880000,0x0000000100000000)
 ParOldGen       total 1384448K, used 766159K [0x0000000081400000, 0x00000000d5c00000, 0x00000000d5c00000)
  object space 1384448K, 55% used [0x0000000081400000,0x00000000b0033d18,0x00000000d5c00000)
 Metaspace       used 9232K, capacity 9432K, committed 9472K, reserved 1058816K
  class space    used 922K, capacity 989K, committed 1024K, reserved 1048576K

Card table byte_map: [0x0000000011b30000,0x0000000011f30000] byte_map_base: 0x0000000011726000

Marking Bits: (ParMarkBitMap*) 0x000000006ed7a5b0
 Begin Bits: [0x0000000012710000, 0x00000000146c0000)
 End Bits:   [0x00000000146c0000, 0x0000000016670000)

Polling page: 0x0000000000120000

CodeCache: size=245760Kb used=4671Kb max_used=4671Kb free=241088Kb
 bounds [0x0000000002770000, 0x0000000002c10000, 0x0000000011770000]
 total_blobs=1685 nmethods=1196 adapters=402
 compilation: enabled

Compilation events (10 events):
Event: 147.566 Thread 0x0000000058861000 1325       3       java.lang.ThreadLocal::setInitialValue (36 bytes)
Event: 147.567 Thread 0x0000000058861000 nmethod 1325 0x0000000002bfde10 code [0x0000000002bfdfc0, 0x0000000002bfe568]
Event: 148.016 Thread 0x000000005884a800 1326       4       com.mysql.jdbc.PreparedStatement::checkAllParametersSet (44 bytes)
Event: 148.017 Thread 0x000000005884a800 nmethod 1326 0x0000000002b7f110 code [0x0000000002b7f240, 0x0000000002b7f2b8]
Event: 151.223 Thread 0x0000000058861000 1327   !   3       sun.reflect.GeneratedConstructorAccessor1::newInstance (267 bytes)
Event: 151.224 Thread 0x0000000058861000 nmethod 1327 0x0000000002c033d0 code [0x0000000002c03700, 0x0000000002c05be8]
Event: 151.224 Thread 0x0000000058861000 1328   !   3       sun.reflect.GeneratedConstructorAccessor2::newInstance (85 bytes)
Event: 151.225 Thread 0x0000000058861000 nmethod 1328 0x0000000002c02110 code [0x0000000002c02320, 0x0000000002c02e08]
Event: 154.992 Thread 0x0000000058861000 1329       3       java.lang.StringCoding$StringEncoder::<init> (54 bytes)
Event: 154.993 Thread 0x0000000058861000 nmethod 1329 0x0000000002c014d0 code [0x0000000002c01680, 0x0000000002c01ea8]

GC Heap History (10 events):
Event: 153.352 GC heap before
{Heap before GC invocations=229 (full 22):
 PSYoungGen      total 492544K, used 410496K [0x00000000d5c00000, 0x0000000100000000, 0x0000000100000000)
  eden space 290816K, 100% used [0x00000000d5c00000,0x00000000e7800000,0x00000000e7800000)
  from space 201728K, 59% used [0x00000000f3b00000,0x00000000fafe0010,0x0000000100000000)
  to   space 199680K, 0% used [0x00000000e7800000,0x00000000e7800000,0x00000000f3b00000)
 ParOldGen       total 1384448K, used 661385K [0x0000000081400000, 0x00000000d5c00000, 0x00000000d5c00000)
  object space 1384448K, 47% used [0x0000000081400000,0x00000000a99e2438,0x00000000d5c00000)
 Metaspace       used 9232K, capacity 9432K, committed 9472K, reserved 1058816K
  class space    used 922K, capacity 989K, committed 1024K, reserved 1048576K
Event: 153.372 GC heap after
Heap after GC invocations=229 (full 22):
 PSYoungGen      total 338432K, used 47584K [0x00000000d5c00000, 0x00000000ffb00000, 0x0000000100000000)
  eden space 290816K, 0% used [0x00000000d5c00000,0x00000000d5c00000,0x00000000e7800000)
  from space 47616K, 99% used [0x00000000e7800000,0x00000000ea678000,0x00000000ea680000)
  to   space 198144K, 0% used [0x00000000f3980000,0x00000000f3980000,0x00000000ffb00000)
 ParOldGen       total 1384448K, used 718929K [0x0000000081400000, 0x00000000d5c00000, 0x00000000d5c00000)
  object space 1384448K, 51% used [0x0000000081400000,0x00000000ad2144b8,0x00000000d5c00000)
 Metaspace       used 9232K, capacity 9432K, committed 9472K, reserved 1058816K
  class space    used 922K, capacity 989K, committed 1024K, reserved 1048576K
}
Event: 154.498 GC heap before
{Heap before GC invocations=230 (full 22):
 PSYoungGen      total 338432K, used 338400K [0x00000000d5c00000, 0x00000000ffb00000, 0x0000000100000000)
  eden space 290816K, 100% used [0x00000000d5c00000,0x00000000e7800000,0x00000000e7800000)
  from space 47616K, 99% used [0x00000000e7800000,0x00000000ea678000,0x00000000ea680000)
  to   space 198144K, 0% used [0x00000000f3980000,0x00000000f3980000,0x00000000ffb00000)
 ParOldGen       total 1384448K, used 718929K [0x0000000081400000, 0x00000000d5c00000, 0x00000000d5c00000)
  object space 1384448K, 51% used [0x0000000081400000,0x00000000ad2144b8,0x00000000d5c00000)
 Metaspace       used 9232K, capacity 9432K, committed 9472K, reserved 1058816K
  class space    used 922K, capacity 989K, committed 1024K, reserved 1048576K
Event: 154.531 GC heap after
Heap after GC invocations=230 (full 22):
 PSYoungGen      total 460288K, used 166205K [0x00000000d5c00000, 0x0000000100000000, 0x0000000100000000)
  eden space 262144K, 0% used [0x00000000d5c00000,0x00000000d5c00000,0x00000000e5c00000)
  from space 198144K, 83% used [0x00000000f3980000,0x00000000fdbcf610,0x00000000ffb00000)
  to   space 215040K, 0% used [0x00000000e5c00000,0x00000000e5c00000,0x00000000f2e00000)
 ParOldGen       total 1384448K, used 718929K [0x0000000081400000, 0x00000000d5c00000, 0x00000000d5c00000)
  object space 1384448K, 51% used [0x0000000081400000,0x00000000ad2144b8,0x00000000d5c00000)
 Metaspace       used 9232K, capacity 9432K, committed 9472K, reserved 1058816K
  class space    used 922K, capacity 989K, committed 1024K, reserved 1048576K
}
Event: 155.664 GC heap before
{Heap before GC invocations=231 (full 22):
 PSYoungGen      total 460288K, used 428349K [0x00000000d5c00000, 0x0000000100000000, 0x0000000100000000)
  eden space 262144K, 100% used [0x00000000d5c00000,0x00000000e5c00000,0x00000000e5c00000)
  from space 198144K, 83% used [0x00000000f3980000,0x00000000fdbcf610,0x00000000ffb00000)
  to   space 215040K, 0% used [0x00000000e5c00000,0x00000000e5c00000,0x00000000f2e00000)
 ParOldGen       total 1384448K, used 718929K [0x0000000081400000, 0x00000000d5c00000, 0x00000000d5c00000)
  object space 1384448K, 51% used [0x0000000081400000,0x00000000ad2144b8,0x00000000d5c00000)
 Metaspace       used 9232K, capacity 9432K, committed 9472K, reserved 1058816K
  class space    used 922K, capacity 989K, committed 1024K, reserved 1048576K
Event: 155.684 GC heap after
Heap after GC invocations=231 (full 22):
 PSYoungGen      total 477184K, used 81057K [0x00000000d5c00000, 0x0000000100000000, 0x0000000100000000)
  eden space 262144K, 0% used [0x00000000d5c00000,0x00000000d5c00000,0x00000000e5c00000)
  from space 215040K, 37% used [0x00000000e5c00000,0x00000000eab287e8,0x00000000f2e00000)
  to   space 206848K, 0% used [0x00000000f3600000,0x00000000f3600000,0x0000000100000000)
 ParOldGen       total 1384448K, used 766159K [0x0000000081400000, 0x00000000d5c00000, 0x00000000d5c00000)
  object space 1384448K, 55% used [0x0000000081400000,0x00000000b0033d18,0x00000000d5c00000)
 Metaspace       used 9232K, capacity 9432K, committed 9472K, reserved 1058816K
  class space    used 922K, capacity 989K, committed 1024K, reserved 1048576K
}
Event: 156.712 GC heap before
{Heap before GC invocations=232 (full 22):
 PSYoungGen      total 477184K, used 343201K [0x00000000d5c00000, 0x0000000100000000, 0x0000000100000000)
  eden space 262144K, 100% used [0x00000000d5c00000,0x00000000e5c00000,0x00000000e5c00000)
  from space 215040K, 37% used [0x00000000e5c00000,0x00000000eab287e8,0x00000000f2e00000)
  to   space 206848K, 0% used [0x00000000f3600000,0x00000000f3600000,0x0000000100000000)
 ParOldGen       total 1384448K, used 766159K [0x0000000081400000, 0x00000000d5c00000, 0x00000000d5c00000)
  object space 1384448K, 55% used [0x0000000081400000,0x00000000b0033d18,0x00000000d5c00000)
 Metaspace       used 9232K, capacity 9432K, committed 9472K, reserved 1058816K
  class space    used 922K, capacity 989K, committed 1024K, reserved 1048576K
Event: 156.744 GC heap after
Heap after GC invocations=232 (full 22):
 PSYoungGen      total 452608K, used 83984K [0x00000000d5c00000, 0x00000000fe800000, 0x0000000100000000)
  eden space 270336K, 0% used [0x00000000d5c00000,0x00000000d5c00000,0x00000000e6400000)
  from space 182272K, 46% used [0x00000000f3600000,0x00000000f8804010,0x00000000fe800000)
  to   space 198656K, 0% used [0x00000000e6400000,0x00000000e6400000,0x00000000f2600000)
 ParOldGen       total 1384448K, used 766159K [0x0000000081400000, 0x00000000d5c00000, 0x00000000d5c00000)
  object space 1384448K, 55% used [0x0000000081400000,0x00000000b0033d18,0x00000000d5c00000)
 Metaspace       used 9232K, capacity 9432K, committed 9472K, reserved 1058816K
  class space    used 922K, capacity 989K, committed 1024K, reserved 1048576K
}
Event: 157.519 GC heap before
{Heap before GC invocations=233 (full 22):
 PSYoungGen      total 452608K, used 354320K [0x00000000d5c00000, 0x00000000fe800000, 0x0000000100000000)
  eden space 270336K, 100% used [0x00000000d5c00000,0x00000000e6400000,0x00000000e6400000)
  from space 182272K, 46% used [0x00000000f3600000,0x00000000f8804010,0x00000000fe800000)
  to   space 198656K, 0% used [0x00000000e6400000,0x00000000e6400000,0x00000000f2600000)
 ParOldGen       total 1384448K, used 766159K [0x0000000081400000, 0x00000000d5c00000, 0x00000000d5c00000)
  object space 1384448K, 55% used [0x0000000081400000,0x00000000b0033d18,0x00000000d5c00000)
 Metaspace       used 9232K, capacity 9432K, committed 9472K, reserved 1058816K
  class space    used 922K, capacity 989K, committed 1024K, reserved 1048576K
Event: 157.524 GC heap after
Heap after GC invocations=233 (full 22):
 PSYoungGen      total 468992K, used 4674K [0x00000000d5c00000, 0x0000000100000000, 0x0000000100000000)
  eden space 270336K, 0% used [0x00000000d5c00000,0x00000000d5c00000,0x00000000e6400000)
  from space 198656K, 2% used [0x00000000e6400000,0x00000000e6890828,0x00000000f2600000)
  to   space 204288K, 0% used [0x00000000f3880000,0x00000000f3880000,0x0000000100000000)
 ParOldGen       total 1384448K, used 766159K [0x0000000081400000, 0x00000000d5c00000, 0x00000000d5c00000)
  object space 1384448K, 55% used [0x0000000081400000,0x00000000b0033d18,0x00000000d5c00000)
 Metaspace       used 9232K, capacity 9432K, committed 9472K, reserved 1058816K
  class space    used 922K, capacity 989K, committed 1024K, reserved 1048576K
}

Deoptimization events (10 events):
Event: 6.585 Thread 0x000000005a13c800 Uncommon trap: reason=unstable_if action=reinterpret pc=0x00000000029e8fe4 method=java.lang.Math.max(DD)D @ 11
Event: 6.585 Thread 0x000000005a13c800 Uncommon trap: reason=unstable_if action=reinterpret pc=0x00000000029e97e4 method=java.lang.Math.min(DD)D @ 11
Event: 6.587 Thread 0x000000005a13c800 Uncommon trap: reason=unstable_if action=reinterpret pc=0x00000000029eea54 method=java.lang.Math.max(DD)D @ 3
Event: 6.587 Thread 0x000000005a13c800 Uncommon trap: reason=unstable_if action=reinterpret pc=0x00000000029eed14 method=java.lang.Math.min(DD)D @ 3
Event: 6.590 Thread 0x000000005a13c800 Uncommon trap: reason=unstable_if action=reinterpret pc=0x00000000029f98d8 method=java.lang.Math.min(DD)D @ 36
Event: 6.667 Thread 0x000000005a13c800 Uncommon trap: reason=unstable_if action=reinterpret pc=0x0000000002a02504 method=com.image.Image_matrix.<init>(Ljava/awt/image/BufferedImage;)V @ 578
Event: 6.678 Thread 0x000000005a13c800 Uncommon trap: reason=unstable_if action=reinterpret pc=0x0000000002a007fc method=com.image.Image_matrix.<init>(Ljava/awt/image/BufferedImage;)V @ 795
Event: 7.022 Thread 0x0000000059a5d000 Uncommon trap: reason=unstable_if action=reinterpret pc=0x0000000002a0e51c method=com.image.Image_matrix.<init>(Ljava/awt/image/BufferedImage;)V @ 836
Event: 7.541 Thread 0x000000005a13c800 Uncommon trap: reason=unstable_if action=reinterpret pc=0x0000000002a4ae28 method=com.image.Image_matrix.setsift(Ljava/lang/String;)V @ 127
Event: 7.771 Thread 0x0000000059a5d000 Uncommon trap: reason=unstable_if action=reinterpret pc=0x0000000002a5b6a8 method=com.Save_SIFT.write_sift(Ljava/lang/String;[[I)V @ 110

Internal exceptions (10 events):
Event: 0.024 Thread 0x000000000257f000 Exception <a 'java/lang/NoSuchMethodError': Method sun.misc.Unsafe.defineClass(Ljava/lang/String;[BII)Ljava/lang/Class; name or signature does not match> (0x00000000d5c130a0) thrown at [C:\re\workspace\8-2-build-windows-amd64-cygwin\jdk8u60\4407\hotspot\srÛ¥Ðñ§E˜?
Event: 0.024 Thread 0x000000000257f000 Exception <a 'java/lang/NoSuchMethodError': Method sun.misc.Unsafe.prefetchRead(Ljava/lang/Object;J)V name or signature does not match> (0x00000000d5c13388) thrown at [C:\re\workspace\8-2-build-windows-amd64-cygwin\jdk8u60\4407\hotspot\src\share\vm\prims\j¯_lKZ
Event: 0.074 Thread 0x000000000257f000 Exception <a 'java/security/PrivilegedActionException'> (0x00000000d5daf870) thrown at [C:\re\workspace\8-2-build-windows-amd64-cygwin\jdk8u60\4407\hotspot\src\share\vm\prims\jvm.cpp, line 1386]
Event: 0.074 Thread 0x000000000257f000 Exception <a 'java/security/PrivilegedActionException'> (0x00000000d5dafa80) thrown at [C:\re\workspace\8-2-build-windows-amd64-cygwin\jdk8u60\4407\hotspot\src\share\vm\prims\jvm.cpp, line 1386]
Event: 0.075 Thread 0x000000000257f000 Exception <a 'java/security/PrivilegedActionException'> (0x00000000d5db3ab0) thrown at [C:\re\workspace\8-2-build-windows-amd64-cygwin\jdk8u60\4407\hotspot\src\share\vm\prims\jvm.cpp, line 1386]
Event: 0.075 Thread 0x000000000257f000 Exception <a 'java/security/PrivilegedActionException'> (0x00000000d5db3cc0) thrown at [C:\re\workspace\8-2-build-windows-amd64-cygwin\jdk8u60\4407\hotspot\src\share\vm\prims\jvm.cpp, line 1386]
Event: 6.428 Thread 0x000000005a13c800 Exception <a 'java/io/FileNotFoundException'> (0x00000000d6977a08) thrown at [C:\re\workspace\8-2-build-windows-amd64-cygwin\jdk8u60\4407\hotspot\src\share\vm\prims\jni.cpp, line 709]
Event: 6.450 Thread 0x000000005a13c800 Exception <a 'java/lang/NoSuchFieldError': method resolution failed> (0x00000000d6a42b88) thrown at [C:\re\workspace\8-2-build-windows-amd64-cygwin\jdk8u60\4407\hotspot\src\share\vm\prims\methodHandles.cpp, line 1146]
Event: 6.451 Thread 0x000000005a13c800 Exception <a 'java/lang/NoSuchFieldError': method resolution failed> (0x00000000d6a50278) thrown at [C:\re\workspace\8-2-build-windows-amd64-cygwin\jdk8u60\4407\hotspot\src\share\vm\prims\methodHandles.cpp, line 1146]
Event: 157.146 Thread 0x0000000059a54800 Exception <a 'java/lang/Exception': unknown exception> (0x00000000dfe2e230) thrown at [C:\re\workspace\8-2-build-windows-amd64-cygwin\jdk8u60\4407\hotspot\src\share\vm\prims\jni.cpp, line 735]

Events (10 events):
Event: 155.991 Thread 0x0000000059a54800 Thread added: 0x0000000059a54800
Event: 156.525 Thread 0x0000000059a56000 Thread added: 0x0000000059a56000
Event: 156.712 Executing VM operation: ParallelGCFailedAllocation
Event: 156.744 Executing VM operation: ParallelGCFailedAllocation done
Event: 156.796 Thread 0x0000000059a55000 Thread exited: 0x0000000059a55000
Event: 156.823 Thread 0x0000000059a54800 Thread exited: 0x0000000059a54800
Event: 157.048 Thread 0x0000000059a54800 Thread added: 0x0000000059a54800
Event: 157.147 Thread 0x0000000059a54800 Thread exited: 0x0000000059a54800
Event: 157.518 Executing VM operation: ParallelGCFailedAllocation
Event: 157.524 Executing VM operation: ParallelGCFailedAllocation done


Dynamic libraries:
0x000000013fb50000 - 0x000000013fb87000 	D:\Program Files\Java\jdk1.8.0_60\bin\javaw.exe
0x00000000770d0000 - 0x000000007727a000 	C:\windows\SYSTEM32\ntdll.dll
0x0000000076eb0000 - 0x0000000076fcf000 	C:\windows\system32\kernel32.dll
0x000007fefce70000 - 0x000007fefcedb000 	C:\windows\system32\KERNELBASE.dll
0x000007fefee50000 - 0x000007fefef2b000 	C:\windows\system32\ADVAPI32.dll
0x000007feff290000 - 0x000007feff32f000 	C:\windows\system32\msvcrt.dll
0x000007fefd7e0000 - 0x000007fefd7ff000 	C:\windows\SYSTEM32\sechost.dll
0x000007fefd320000 - 0x000007fefd44d000 	C:\windows\system32\RPCRT4.dll
0x0000000076fd0000 - 0x00000000770ca000 	C:\windows\system32\USER32.dll
0x000007fefec50000 - 0x000007fefecb7000 	C:\windows\system32\GDI32.dll
0x000007feff330000 - 0x000007feff33e000 	C:\windows\system32\LPK.dll
0x000007fefef30000 - 0x000007fefeffa000 	C:\windows\system32\USP10.dll
0x000007fefb610000 - 0x000007fefb804000 	C:\windows\WinSxS\amd64_microsoft.windows.common-controls_6595b64144ccf1df_6.0.7601.18837_none_fa3b1e3d17594757\COMCTL32.dll
0x000007fefd760000 - 0x000007fefd7d1000 	C:\windows\system32\SHLWAPI.dll
0x000007fefed40000 - 0x000007fefed6e000 	C:\windows\system32\IMM32.DLL
0x000007fefd210000 - 0x000007fefd319000 	C:\windows\system32\MSCTF.dll
0x0000000071af0000 - 0x0000000071bc2000 	D:\Program Files\Java\jdk1.8.0_60\jre\bin\msvcr100.dll
0x000000006e570000 - 0x000000006edf9000 	D:\Program Files\Java\jdk1.8.0_60\jre\bin\server\jvm.dll
0x000007fefac10000 - 0x000007fefac19000 	C:\windows\system32\WSOCK32.dll
0x000007fefebf0000 - 0x000007fefec3d000 	C:\windows\system32\WS2_32.dll
0x000007fefec40000 - 0x000007fefec48000 	C:\windows\system32\NSI.dll
0x000007fefaea0000 - 0x000007fefaedb000 	C:\windows\system32\WINMM.dll
0x000007fefbf40000 - 0x000007fefbf4c000 	C:\windows\system32\VERSION.dll
0x00000000772a0000 - 0x00000000772a7000 	C:\windows\system32\PSAPI.DLL
0x0000000072990000 - 0x000000007299f000 	D:\Program Files\Java\jdk1.8.0_60\jre\bin\verify.dll
0x0000000071c20000 - 0x0000000071c49000 	D:\Program Files\Java\jdk1.8.0_60\jre\bin\java.dll
0x0000000071cd0000 - 0x0000000071ce6000 	D:\Program Files\Java\jdk1.8.0_60\jre\bin\zip.dll
0x000007fefd9e0000 - 0x000007fefe769000 	C:\windows\system32\SHELL32.dll
0x000007fefd550000 - 0x000007fefd753000 	C:\windows\system32\ole32.dll
0x000007fefce60000 - 0x000007fefce6f000 	C:\windows\system32\profapi.dll
0x0000000071cb0000 - 0x0000000071cca000 	D:\Program Files\Java\jdk1.8.0_60\jre\bin\net.dll
0x000007fefc5f0000 - 0x000007fefc645000 	C:\windows\system32\mswsock.dll
0x000007fefc5e0000 - 0x000007fefc5e7000 	C:\windows\System32\wship6.dll
0x0000000071720000 - 0x00000000718b8000 	D:\Program Files\Java\jdk1.8.0_60\jre\bin\awt.dll
0x000007fefed70000 - 0x000007fefee47000 	C:\windows\system32\OLEAUT32.dll
0x0000000070ea0000 - 0x0000000070ed1000 	D:\Program Files\Java\jdk1.8.0_60\jre\bin\jpeg.dll
0x000007fef2d10000 - 0x000007fef36b3000 	D:\Program Files\Java\userlib\opencv\opencv-2.4.9\x64\opencv_java249.dll
0x000007fefac30000 - 0x000007fefac4f000 	C:\windows\system32\AVIFIL32.dll
0x000007fefade0000 - 0x000007fefadf8000 	C:\windows\system32\MSACM32.dll
0x000007fefa9b0000 - 0x000007fefa9d9000 	C:\windows\system32\MSVFW32.dll
0x000007fefaad0000 - 0x000007fefaae7000 	C:\windows\system32\AVICAP32.dll
0x000007fefb540000 - 0x000007fefb596000 	C:\windows\system32\uxtheme.dll
0x000007fefcc50000 - 0x000007fefcca7000 	C:\windows\system32\apphelp.dll
0x000007fef6440000 - 0x000007fef6cb7000 	C:\windows\system32\SOGOUPY.IME
0x000007fefa3a0000 - 0x000007fefa3a7000 	C:\windows\system32\MSIMG32.dll
0x000007fefa470000 - 0x000007fefa4c4000 	C:\windows\system32\OLEACC.dll
0x000007fefb920000 - 0x000007fefb94d000 	C:\windows\system32\ntmarta.dll
0x000007fefd450000 - 0x000007fefd4a2000 	C:\windows\system32\WLDAP32.dll
0x000007fefaf20000 - 0x000007fefaf38000 	C:\windows\system32\dwmapi.dll
0x000007fefccb0000 - 0x000007fefccbf000 	C:\windows\system32\CRYPTBASE.dll
0x0000000059620000 - 0x00000000596fd000 	D:\Program Files\SogouInput\7.8.0.7255\Resource.dll
0x000007fef70e0000 - 0x000007fef730b000 	D:\Program Files\SogouInput\Components\PicFace\1.0.0.1394\PicFace64.dll
0x000007fef98b0000 - 0x000007fef99d5000 	C:\windows\system32\dbghelp.dll

VM Arguments:
jvm_args: -Djava.library.path=D:\Program Files\Java\userlib\opencv\opencv-2.4.9\x64 -Dfile.encoding=UTF-8 
java_command: com.Save_SIFT
java_class_path (initial): E:\Desktop\Java Study\codes\Image\bin;D:\Program Files\Java\userlib\opencv\opencv-2.4.9\opencv-249.jar;D:\Program Files\Java\userlib\mysql-connector-java\mysql-connector-java-5.1.37-bin.jar
Launcher Type: SUN_STANDARD

Environment Variables:
JAVA_HOME=D:\Program Files\Java\jdk1.8.0_60
CLASSPATH=D:\Program Files\Java\jdk1.8.0_60\lib;D:\Program Files\Java\jdk1.8.0_60\lib\tools.jar;D:\Program Files\Java\jdk1.8.0_60\lib\dt.jar
PATH=D:/Program Files/Java/jdk1.8.0_60/jre/bin/server;D:/Program Files/Java/jdk1.8.0_60/jre/bin;D:/Program Files/Java/jdk1.8.0_60/jre/lib/amd64;D:\Program Files\apache-maven-3.3.3bin;D:\Program Files\Java\jdk1.8.0_60\jre\bin;D:\Program Files\Java\jdk1.8.0_60\bin;D:\Program Files\Python27\;D:\Program Files\Python27\Scripts;C:\ProgramData\Oracle\Java\javapath;C:\windows\system32;C:\windows;C:\windows\System32\Wbem;C:\windows\System32\WindowsPowerShell\v1.0\;D:\Program Files\gnuplot\bin;D:\Program Files\MATLAB\R2014a\runtime\win64;D:\Program Files\MATLAB\R2014a\bin;D:\Program Files\MATLAB\R2014a\polyspace\bin;D:\Program Files\CTEX\UserData\miktex\bin;D:\Program Files\CTEX\MiKTeX\miktex\bin;D:\Program Files\CTEX\CTeX\ctex\bin;D:\Program Files\CTEX\CTeX\cct\bin;D:\Program Files\CTEX\CTeX\ty\bin;D:\Program Files\CTEX\Ghostscript\gs9.05\bin;D:\Program Files\CTEX\GSview\gsview;D:\Program Files\CTEX\WinEdt;D:\Program Files\mysql-5.6.24-winx64\bin;C:\Program Files (x86)\IDM Computer Solutions\UltraEdit\;D:\Program Files\Java\jdk1.8.0_60\bin;D:\Program Files\mysql-5.6.24-winx64\bin;D:\Program Files\apache-maven-3.3.3\bin;D:\Program Files\eclipse;
USERNAME=Administrator
OS=Windows_NT
PROCESSOR_IDENTIFIER=Intel64 Family 6 Model 60 Stepping 3, GenuineIntel



---------------  S Y S T E M  ---------------

OS: Windows 7 , 64 bit Build 7601 (6.1.7601.19135)

CPU:total 4 (4 cores per cpu, 1 threads per core) family 6 model 60 stepping 3, cmov, cx8, fxsr, mmx, sse, sse2, sse3, ssse3, sse4.1, sse4.2, popcnt, avx, avx2, aes, clmul, erms, lzcnt, tsc, tscinvbit, bmi1, bmi2

Memory: 4k page, physical 8299384k(3305816k free), swap 16596932k(10334124k free)

vm_info: Java HotSpot(TM) 64-Bit Server VM (25.60-b23) for windows-amd64 JRE (1.8.0_60-b27), built on Aug  4 2015 11:06:27 by "java_re" with MS VC++ 10.0 (VS2010)

time: Thu Mar 03 13:39:24 2016
elapsed time: 157 seconds (0d 0h 2m 37s)

